2016-12-19 21:56:41,058 [myid:] - INFO  [main:QuorumPeerConfig@103] - Reading configuration from: /var/local/hadoop/zookeeper-3.4.8/bin/../conf/zoo.cfg
2016-12-19 21:56:41,071 [myid:] - INFO  [main:QuorumPeer$QuorumServer@149] - Resolved hostname: zte-3 to address: zte-3/192.168.253.253
2016-12-19 21:56:41,072 [myid:] - INFO  [main:QuorumPeer$QuorumServer@149] - Resolved hostname: zte-2 to address: zte-2/192.168.253.252
2016-12-19 21:56:41,072 [myid:] - INFO  [main:QuorumPeer$QuorumServer@149] - Resolved hostname: zte-1 to address: zte-1/192.168.253.251
2016-12-19 21:56:41,072 [myid:] - INFO  [main:QuorumPeerConfig@331] - Defaulting to majority quorums
2016-12-19 21:56:41,075 [myid:1] - INFO  [main:DatadirCleanupManager@78] - autopurge.snapRetainCount set to 3
2016-12-19 21:56:41,075 [myid:1] - INFO  [main:DatadirCleanupManager@79] - autopurge.purgeInterval set to 0
2016-12-19 21:56:41,075 [myid:1] - INFO  [main:DatadirCleanupManager@101] - Purge task is not scheduled.
2016-12-19 21:56:41,082 [myid:1] - INFO  [main:QuorumPeerMain@127] - Starting quorum peer
2016-12-19 21:56:41,089 [myid:1] - INFO  [main:NIOServerCnxnFactory@89] - binding to port 0.0.0.0/0.0.0.0:2181
2016-12-19 21:56:41,102 [myid:1] - INFO  [main:QuorumPeer@1019] - tickTime set to 2000
2016-12-19 21:56:41,102 [myid:1] - INFO  [main:QuorumPeer@1039] - minSessionTimeout set to -1
2016-12-19 21:56:41,103 [myid:1] - INFO  [main:QuorumPeer@1050] - maxSessionTimeout set to -1
2016-12-19 21:56:41,103 [myid:1] - INFO  [main:QuorumPeer@1065] - initLimit set to 10
2016-12-19 21:56:41,120 [myid:1] - INFO  [ListenerThread:QuorumCnxManager$Listener@534] - My election bind port: zte-1/192.168.253.251:3888
2016-12-19 21:56:41,128 [myid:1] - INFO  [QuorumPeer[myid=1]/0:0:0:0:0:0:0:0:2181:QuorumPeer@774] - LOOKING
2016-12-19 21:56:41,130 [myid:1] - INFO  [QuorumPeer[myid=1]/0:0:0:0:0:0:0:0:2181:FastLeaderElection@818] - New election. My id =  1, proposed zxid=0x0
2016-12-19 21:56:41,131 [myid:1] - INFO  [WorkerReceiver[myid=1]:FastLeaderElection@600] - Notification: 1 (message format version), 1 (n.leader), 0x0 (n.zxid), 0x1 (n.round), LOOKING (n.state), 1 (n.sid), 0x0 (n.peerEpoch) LOOKING (my state)
2016-12-19 21:56:41,133 [myid:1] - WARN  [WorkerSender[myid=1]:QuorumCnxManager@400] - Cannot open channel to 2 at election address zte-2/192.168.253.252:3888
java.net.NoRouteToHostException: No route to host
	at java.net.PlainSocketImpl.socketConnect(Native Method)
	at java.net.AbstractPlainSocketImpl.doConnect(AbstractPlainSocketImpl.java:339)
	at java.net.AbstractPlainSocketImpl.connectToAddress(AbstractPlainSocketImpl.java:200)
	at java.net.AbstractPlainSocketImpl.connect(AbstractPlainSocketImpl.java:182)
	at java.net.SocksSocketImpl.connect(SocksSocketImpl.java:392)
	at java.net.Socket.connect(Socket.java:579)
	at org.apache.zookeeper.server.quorum.QuorumCnxManager.connectOne(QuorumCnxManager.java:381)
	at org.apache.zookeeper.server.quorum.QuorumCnxManager.toSend(QuorumCnxManager.java:354)
	at org.apache.zookeeper.server.quorum.FastLeaderElection$Messenger$WorkerSender.process(FastLeaderElection.java:452)
	at org.apache.zookeeper.server.quorum.FastLeaderElection$Messenger$WorkerSender.run(FastLeaderElection.java:433)
	at java.lang.Thread.run(Thread.java:745)
2016-12-19 21:56:41,135 [myid:1] - INFO  [WorkerSender[myid=1]:QuorumPeer$QuorumServer@149] - Resolved hostname: zte-2 to address: zte-2/192.168.253.252
2016-12-19 21:56:41,136 [myid:1] - WARN  [WorkerSender[myid=1]:QuorumCnxManager@400] - Cannot open channel to 3 at election address zte-3/192.168.253.253:3888
java.net.ConnectException: Connection refused
	at java.net.PlainSocketImpl.socketConnect(Native Method)
	at java.net.AbstractPlainSocketImpl.doConnect(AbstractPlainSocketImpl.java:339)
	at java.net.AbstractPlainSocketImpl.connectToAddress(AbstractPlainSocketImpl.java:200)
	at java.net.AbstractPlainSocketImpl.connect(AbstractPlainSocketImpl.java:182)
	at java.net.SocksSocketImpl.connect(SocksSocketImpl.java:392)
	at java.net.Socket.connect(Socket.java:579)
	at org.apache.zookeeper.server.quorum.QuorumCnxManager.connectOne(QuorumCnxManager.java:381)
	at org.apache.zookeeper.server.quorum.QuorumCnxManager.toSend(QuorumCnxManager.java:354)
	at org.apache.zookeeper.server.quorum.FastLeaderElection$Messenger$WorkerSender.process(FastLeaderElection.java:452)
	at org.apache.zookeeper.server.quorum.FastLeaderElection$Messenger$WorkerSender.run(FastLeaderElection.java:433)
	at java.lang.Thread.run(Thread.java:745)
2016-12-19 21:56:41,136 [myid:1] - INFO  [WorkerSender[myid=1]:QuorumPeer$QuorumServer@149] - Resolved hostname: zte-3 to address: zte-3/192.168.253.253
2016-12-19 21:56:41,334 [myid:1] - WARN  [QuorumPeer[myid=1]/0:0:0:0:0:0:0:0:2181:QuorumCnxManager@400] - Cannot open channel to 2 at election address zte-2/192.168.253.252:3888
java.net.NoRouteToHostException: No route to host
	at java.net.PlainSocketImpl.socketConnect(Native Method)
	at java.net.AbstractPlainSocketImpl.doConnect(AbstractPlainSocketImpl.java:339)
	at java.net.AbstractPlainSocketImpl.connectToAddress(AbstractPlainSocketImpl.java:200)
	at java.net.AbstractPlainSocketImpl.connect(AbstractPlainSocketImpl.java:182)
	at java.net.SocksSocketImpl.connect(SocksSocketImpl.java:392)
	at java.net.Socket.connect(Socket.java:579)
	at org.apache.zookeeper.server.quorum.QuorumCnxManager.connectOne(QuorumCnxManager.java:381)
	at org.apache.zookeeper.server.quorum.QuorumCnxManager.connectAll(QuorumCnxManager.java:426)
	at org.apache.zookeeper.server.quorum.FastLeaderElection.lookForLeader(FastLeaderElection.java:843)
	at org.apache.zookeeper.server.quorum.QuorumPeer.run(QuorumPeer.java:822)
2016-12-19 21:56:41,334 [myid:1] - INFO  [QuorumPeer[myid=1]/0:0:0:0:0:0:0:0:2181:QuorumPeer$QuorumServer@149] - Resolved hostname: zte-2 to address: zte-2/192.168.253.252
2016-12-19 21:56:41,335 [myid:1] - WARN  [QuorumPeer[myid=1]/0:0:0:0:0:0:0:0:2181:QuorumCnxManager@400] - Cannot open channel to 3 at election address zte-3/192.168.253.253:3888
java.net.ConnectException: Connection refused
	at java.net.PlainSocketImpl.socketConnect(Native Method)
	at java.net.AbstractPlainSocketImpl.doConnect(AbstractPlainSocketImpl.java:339)
	at java.net.AbstractPlainSocketImpl.connectToAddress(AbstractPlainSocketImpl.java:200)
	at java.net.AbstractPlainSocketImpl.connect(AbstractPlainSocketImpl.java:182)
	at java.net.SocksSocketImpl.connect(SocksSocketImpl.java:392)
	at java.net.Socket.connect(Socket.java:579)
	at org.apache.zookeeper.server.quorum.QuorumCnxManager.connectOne(QuorumCnxManager.java:381)
	at org.apache.zookeeper.server.quorum.QuorumCnxManager.connectAll(QuorumCnxManager.java:426)
	at org.apache.zookeeper.server.quorum.FastLeaderElection.lookForLeader(FastLeaderElection.java:843)
	at org.apache.zookeeper.server.quorum.QuorumPeer.run(QuorumPeer.java:822)
2016-12-19 21:56:41,335 [myid:1] - INFO  [QuorumPeer[myid=1]/0:0:0:0:0:0:0:0:2181:QuorumPeer$QuorumServer@149] - Resolved hostname: zte-3 to address: zte-3/192.168.253.253
2016-12-19 21:56:41,335 [myid:1] - INFO  [QuorumPeer[myid=1]/0:0:0:0:0:0:0:0:2181:FastLeaderElection@852] - Notification time out: 400
2016-12-19 21:56:41,736 [myid:1] - WARN  [QuorumPeer[myid=1]/0:0:0:0:0:0:0:0:2181:QuorumCnxManager@400] - Cannot open channel to 2 at election address zte-2/192.168.253.252:3888
java.net.NoRouteToHostException: No route to host
	at java.net.PlainSocketImpl.socketConnect(Native Method)
	at java.net.AbstractPlainSocketImpl.doConnect(AbstractPlainSocketImpl.java:339)
	at java.net.AbstractPlainSocketImpl.connectToAddress(AbstractPlainSocketImpl.java:200)
	at java.net.AbstractPlainSocketImpl.connect(AbstractPlainSocketImpl.java:182)
	at java.net.SocksSocketImpl.connect(SocksSocketImpl.java:392)
	at java.net.Socket.connect(Socket.java:579)
	at org.apache.zookeeper.server.quorum.QuorumCnxManager.connectOne(QuorumCnxManager.java:381)
	at org.apache.zookeeper.server.quorum.QuorumCnxManager.connectAll(QuorumCnxManager.java:426)
	at org.apache.zookeeper.server.quorum.FastLeaderElection.lookForLeader(FastLeaderElection.java:843)
	at org.apache.zookeeper.server.quorum.QuorumPeer.run(QuorumPeer.java:822)
2016-12-19 21:56:41,737 [myid:1] - INFO  [QuorumPeer[myid=1]/0:0:0:0:0:0:0:0:2181:QuorumPeer$QuorumServer@149] - Resolved hostname: zte-2 to address: zte-2/192.168.253.252
2016-12-19 21:56:41,737 [myid:1] - WARN  [QuorumPeer[myid=1]/0:0:0:0:0:0:0:0:2181:QuorumCnxManager@400] - Cannot open channel to 3 at election address zte-3/192.168.253.253:3888
java.net.ConnectException: Connection refused
	at java.net.PlainSocketImpl.socketConnect(Native Method)
	at java.net.AbstractPlainSocketImpl.doConnect(AbstractPlainSocketImpl.java:339)
	at java.net.AbstractPlainSocketImpl.connectToAddress(AbstractPlainSocketImpl.java:200)
	at java.net.AbstractPlainSocketImpl.connect(AbstractPlainSocketImpl.java:182)
	at java.net.SocksSocketImpl.connect(SocksSocketImpl.java:392)
	at java.net.Socket.connect(Socket.java:579)
	at org.apache.zookeeper.server.quorum.QuorumCnxManager.connectOne(QuorumCnxManager.java:381)
	at org.apache.zookeeper.server.quorum.QuorumCnxManager.connectAll(QuorumCnxManager.java:426)
	at org.apache.zookeeper.server.quorum.FastLeaderElection.lookForLeader(FastLeaderElection.java:843)
	at org.apache.zookeeper.server.quorum.QuorumPeer.run(QuorumPeer.java:822)
2016-12-19 21:56:41,737 [myid:1] - INFO  [QuorumPeer[myid=1]/0:0:0:0:0:0:0:0:2181:QuorumPeer$QuorumServer@149] - Resolved hostname: zte-3 to address: zte-3/192.168.253.253
2016-12-19 21:56:41,738 [myid:1] - INFO  [QuorumPeer[myid=1]/0:0:0:0:0:0:0:0:2181:FastLeaderElection@852] - Notification time out: 800
2016-12-19 21:56:42,538 [myid:1] - WARN  [QuorumPeer[myid=1]/0:0:0:0:0:0:0:0:2181:QuorumCnxManager@400] - Cannot open channel to 2 at election address zte-2/192.168.253.252:3888
java.net.NoRouteToHostException: No route to host
	at java.net.PlainSocketImpl.socketConnect(Native Method)
	at java.net.AbstractPlainSocketImpl.doConnect(AbstractPlainSocketImpl.java:339)
	at java.net.AbstractPlainSocketImpl.connectToAddress(AbstractPlainSocketImpl.java:200)
	at java.net.AbstractPlainSocketImpl.connect(AbstractPlainSocketImpl.java:182)
	at java.net.SocksSocketImpl.connect(SocksSocketImpl.java:392)
	at java.net.Socket.connect(Socket.java:579)
	at org.apache.zookeeper.server.quorum.QuorumCnxManager.connectOne(QuorumCnxManager.java:381)
	at org.apache.zookeeper.server.quorum.QuorumCnxManager.connectAll(QuorumCnxManager.java:426)
	at org.apache.zookeeper.server.quorum.FastLeaderElection.lookForLeader(FastLeaderElection.java:843)
	at org.apache.zookeeper.server.quorum.QuorumPeer.run(QuorumPeer.java:822)
2016-12-19 21:56:42,539 [myid:1] - INFO  [QuorumPeer[myid=1]/0:0:0:0:0:0:0:0:2181:QuorumPeer$QuorumServer@149] - Resolved hostname: zte-2 to address: zte-2/192.168.253.252
2016-12-19 21:56:42,541 [myid:1] - WARN  [QuorumPeer[myid=1]/0:0:0:0:0:0:0:0:2181:QuorumCnxManager@400] - Cannot open channel to 3 at election address zte-3/192.168.253.253:3888
java.net.ConnectException: Connection refused
	at java.net.PlainSocketImpl.socketConnect(Native Method)
	at java.net.AbstractPlainSocketImpl.doConnect(AbstractPlainSocketImpl.java:339)
	at java.net.AbstractPlainSocketImpl.connectToAddress(AbstractPlainSocketImpl.java:200)
	at java.net.AbstractPlainSocketImpl.connect(AbstractPlainSocketImpl.java:182)
	at java.net.SocksSocketImpl.connect(SocksSocketImpl.java:392)
	at java.net.Socket.connect(Socket.java:579)
	at org.apache.zookeeper.server.quorum.QuorumCnxManager.connectOne(QuorumCnxManager.java:381)
	at org.apache.zookeeper.server.quorum.QuorumCnxManager.connectAll(QuorumCnxManager.java:426)
	at org.apache.zookeeper.server.quorum.FastLeaderElection.lookForLeader(FastLeaderElection.java:843)
	at org.apache.zookeeper.server.quorum.QuorumPeer.run(QuorumPeer.java:822)
2016-12-19 21:56:42,541 [myid:1] - INFO  [QuorumPeer[myid=1]/0:0:0:0:0:0:0:0:2181:QuorumPeer$QuorumServer@149] - Resolved hostname: zte-3 to address: zte-3/192.168.253.253
2016-12-19 21:56:42,541 [myid:1] - INFO  [QuorumPeer[myid=1]/0:0:0:0:0:0:0:0:2181:FastLeaderElection@852] - Notification time out: 1600
2016-12-19 21:56:44,142 [myid:1] - WARN  [QuorumPeer[myid=1]/0:0:0:0:0:0:0:0:2181:QuorumCnxManager@400] - Cannot open channel to 2 at election address zte-2/192.168.253.252:3888
java.net.NoRouteToHostException: No route to host
	at java.net.PlainSocketImpl.socketConnect(Native Method)
	at java.net.AbstractPlainSocketImpl.doConnect(AbstractPlainSocketImpl.java:339)
	at java.net.AbstractPlainSocketImpl.connectToAddress(AbstractPlainSocketImpl.java:200)
	at java.net.AbstractPlainSocketImpl.connect(AbstractPlainSocketImpl.java:182)
	at java.net.SocksSocketImpl.connect(SocksSocketImpl.java:392)
	at java.net.Socket.connect(Socket.java:579)
	at org.apache.zookeeper.server.quorum.QuorumCnxManager.connectOne(QuorumCnxManager.java:381)
	at org.apache.zookeeper.server.quorum.QuorumCnxManager.connectAll(QuorumCnxManager.java:426)
	at org.apache.zookeeper.server.quorum.FastLeaderElection.lookForLeader(FastLeaderElection.java:843)
	at org.apache.zookeeper.server.quorum.QuorumPeer.run(QuorumPeer.java:822)
2016-12-19 21:56:44,143 [myid:1] - INFO  [QuorumPeer[myid=1]/0:0:0:0:0:0:0:0:2181:QuorumPeer$QuorumServer@149] - Resolved hostname: zte-2 to address: zte-2/192.168.253.252
2016-12-19 21:56:44,145 [myid:1] - WARN  [QuorumPeer[myid=1]/0:0:0:0:0:0:0:0:2181:QuorumCnxManager@400] - Cannot open channel to 3 at election address zte-3/192.168.253.253:3888
java.net.ConnectException: Connection refused
	at java.net.PlainSocketImpl.socketConnect(Native Method)
	at java.net.AbstractPlainSocketImpl.doConnect(AbstractPlainSocketImpl.java:339)
	at java.net.AbstractPlainSocketImpl.connectToAddress(AbstractPlainSocketImpl.java:200)
	at java.net.AbstractPlainSocketImpl.connect(AbstractPlainSocketImpl.java:182)
	at java.net.SocksSocketImpl.connect(SocksSocketImpl.java:392)
	at java.net.Socket.connect(Socket.java:579)
	at org.apache.zookeeper.server.quorum.QuorumCnxManager.connectOne(QuorumCnxManager.java:381)
	at org.apache.zookeeper.server.quorum.QuorumCnxManager.connectAll(QuorumCnxManager.java:426)
	at org.apache.zookeeper.server.quorum.FastLeaderElection.lookForLeader(FastLeaderElection.java:843)
	at org.apache.zookeeper.server.quorum.QuorumPeer.run(QuorumPeer.java:822)
2016-12-19 21:56:44,145 [myid:1] - INFO  [QuorumPeer[myid=1]/0:0:0:0:0:0:0:0:2181:QuorumPeer$QuorumServer@149] - Resolved hostname: zte-3 to address: zte-3/192.168.253.253
2016-12-19 21:56:44,145 [myid:1] - INFO  [QuorumPeer[myid=1]/0:0:0:0:0:0:0:0:2181:FastLeaderElection@852] - Notification time out: 3200
2016-12-19 21:56:47,346 [myid:1] - WARN  [QuorumPeer[myid=1]/0:0:0:0:0:0:0:0:2181:QuorumCnxManager@400] - Cannot open channel to 2 at election address zte-2/192.168.253.252:3888
java.net.NoRouteToHostException: No route to host
	at java.net.PlainSocketImpl.socketConnect(Native Method)
	at java.net.AbstractPlainSocketImpl.doConnect(AbstractPlainSocketImpl.java:339)
	at java.net.AbstractPlainSocketImpl.connectToAddress(AbstractPlainSocketImpl.java:200)
	at java.net.AbstractPlainSocketImpl.connect(AbstractPlainSocketImpl.java:182)
	at java.net.SocksSocketImpl.connect(SocksSocketImpl.java:392)
	at java.net.Socket.connect(Socket.java:579)
	at org.apache.zookeeper.server.quorum.QuorumCnxManager.connectOne(QuorumCnxManager.java:381)
	at org.apache.zookeeper.server.quorum.QuorumCnxManager.connectAll(QuorumCnxManager.java:426)
	at org.apache.zookeeper.server.quorum.FastLeaderElection.lookForLeader(FastLeaderElection.java:843)
	at org.apache.zookeeper.server.quorum.QuorumPeer.run(QuorumPeer.java:822)
2016-12-19 21:56:47,347 [myid:1] - INFO  [QuorumPeer[myid=1]/0:0:0:0:0:0:0:0:2181:QuorumPeer$QuorumServer@149] - Resolved hostname: zte-2 to address: zte-2/192.168.253.252
2016-12-19 21:56:47,349 [myid:1] - WARN  [QuorumPeer[myid=1]/0:0:0:0:0:0:0:0:2181:QuorumCnxManager@400] - Cannot open channel to 3 at election address zte-3/192.168.253.253:3888
java.net.ConnectException: Connection refused
	at java.net.PlainSocketImpl.socketConnect(Native Method)
	at java.net.AbstractPlainSocketImpl.doConnect(AbstractPlainSocketImpl.java:339)
	at java.net.AbstractPlainSocketImpl.connectToAddress(AbstractPlainSocketImpl.java:200)
	at java.net.AbstractPlainSocketImpl.connect(AbstractPlainSocketImpl.java:182)
	at java.net.SocksSocketImpl.connect(SocksSocketImpl.java:392)
	at java.net.Socket.connect(Socket.java:579)
	at org.apache.zookeeper.server.quorum.QuorumCnxManager.connectOne(QuorumCnxManager.java:381)
	at org.apache.zookeeper.server.quorum.QuorumCnxManager.connectAll(QuorumCnxManager.java:426)
	at org.apache.zookeeper.server.quorum.FastLeaderElection.lookForLeader(FastLeaderElection.java:843)
	at org.apache.zookeeper.server.quorum.QuorumPeer.run(QuorumPeer.java:822)
2016-12-19 21:56:47,349 [myid:1] - INFO  [QuorumPeer[myid=1]/0:0:0:0:0:0:0:0:2181:QuorumPeer$QuorumServer@149] - Resolved hostname: zte-3 to address: zte-3/192.168.253.253
2016-12-19 21:56:47,349 [myid:1] - INFO  [QuorumPeer[myid=1]/0:0:0:0:0:0:0:0:2181:FastLeaderElection@852] - Notification time out: 6400
2016-12-19 21:56:53,750 [myid:1] - WARN  [QuorumPeer[myid=1]/0:0:0:0:0:0:0:0:2181:QuorumCnxManager@400] - Cannot open channel to 2 at election address zte-2/192.168.253.252:3888
java.net.NoRouteToHostException: No route to host
	at java.net.PlainSocketImpl.socketConnect(Native Method)
	at java.net.AbstractPlainSocketImpl.doConnect(AbstractPlainSocketImpl.java:339)
	at java.net.AbstractPlainSocketImpl.connectToAddress(AbstractPlainSocketImpl.java:200)
	at java.net.AbstractPlainSocketImpl.connect(AbstractPlainSocketImpl.java:182)
	at java.net.SocksSocketImpl.connect(SocksSocketImpl.java:392)
	at java.net.Socket.connect(Socket.java:579)
	at org.apache.zookeeper.server.quorum.QuorumCnxManager.connectOne(QuorumCnxManager.java:381)
	at org.apache.zookeeper.server.quorum.QuorumCnxManager.connectAll(QuorumCnxManager.java:426)
	at org.apache.zookeeper.server.quorum.FastLeaderElection.lookForLeader(FastLeaderElection.java:843)
	at org.apache.zookeeper.server.quorum.QuorumPeer.run(QuorumPeer.java:822)
2016-12-19 21:56:53,750 [myid:1] - INFO  [QuorumPeer[myid=1]/0:0:0:0:0:0:0:0:2181:QuorumPeer$QuorumServer@149] - Resolved hostname: zte-2 to address: zte-2/192.168.253.252
2016-12-19 21:56:53,751 [myid:1] - WARN  [QuorumPeer[myid=1]/0:0:0:0:0:0:0:0:2181:QuorumCnxManager@400] - Cannot open channel to 3 at election address zte-3/192.168.253.253:3888
java.net.ConnectException: Connection refused
	at java.net.PlainSocketImpl.socketConnect(Native Method)
	at java.net.AbstractPlainSocketImpl.doConnect(AbstractPlainSocketImpl.java:339)
	at java.net.AbstractPlainSocketImpl.connectToAddress(AbstractPlainSocketImpl.java:200)
	at java.net.AbstractPlainSocketImpl.connect(AbstractPlainSocketImpl.java:182)
	at java.net.SocksSocketImpl.connect(SocksSocketImpl.java:392)
	at java.net.Socket.connect(Socket.java:579)
	at org.apache.zookeeper.server.quorum.QuorumCnxManager.connectOne(QuorumCnxManager.java:381)
	at org.apache.zookeeper.server.quorum.QuorumCnxManager.connectAll(QuorumCnxManager.java:426)
	at org.apache.zookeeper.server.quorum.FastLeaderElection.lookForLeader(FastLeaderElection.java:843)
	at org.apache.zookeeper.server.quorum.QuorumPeer.run(QuorumPeer.java:822)
2016-12-19 21:56:53,760 [myid:1] - INFO  [QuorumPeer[myid=1]/0:0:0:0:0:0:0:0:2181:QuorumPeer$QuorumServer@149] - Resolved hostname: zte-3 to address: zte-3/192.168.253.253
2016-12-19 21:56:53,760 [myid:1] - INFO  [QuorumPeer[myid=1]/0:0:0:0:0:0:0:0:2181:FastLeaderElection@852] - Notification time out: 12800
2016-12-19 21:57:06,561 [myid:1] - WARN  [QuorumPeer[myid=1]/0:0:0:0:0:0:0:0:2181:QuorumCnxManager@400] - Cannot open channel to 2 at election address zte-2/192.168.253.252:3888
java.net.NoRouteToHostException: No route to host
	at java.net.PlainSocketImpl.socketConnect(Native Method)
	at java.net.AbstractPlainSocketImpl.doConnect(AbstractPlainSocketImpl.java:339)
	at java.net.AbstractPlainSocketImpl.connectToAddress(AbstractPlainSocketImpl.java:200)
	at java.net.AbstractPlainSocketImpl.connect(AbstractPlainSocketImpl.java:182)
	at java.net.SocksSocketImpl.connect(SocksSocketImpl.java:392)
	at java.net.Socket.connect(Socket.java:579)
	at org.apache.zookeeper.server.quorum.QuorumCnxManager.connectOne(QuorumCnxManager.java:381)
	at org.apache.zookeeper.server.quorum.QuorumCnxManager.connectAll(QuorumCnxManager.java:426)
	at org.apache.zookeeper.server.quorum.FastLeaderElection.lookForLeader(FastLeaderElection.java:843)
	at org.apache.zookeeper.server.quorum.QuorumPeer.run(QuorumPeer.java:822)
2016-12-19 21:57:06,561 [myid:1] - INFO  [QuorumPeer[myid=1]/0:0:0:0:0:0:0:0:2181:QuorumPeer$QuorumServer@149] - Resolved hostname: zte-2 to address: zte-2/192.168.253.252
2016-12-19 21:57:06,562 [myid:1] - WARN  [QuorumPeer[myid=1]/0:0:0:0:0:0:0:0:2181:QuorumCnxManager@400] - Cannot open channel to 3 at election address zte-3/192.168.253.253:3888
java.net.ConnectException: Connection refused
	at java.net.PlainSocketImpl.socketConnect(Native Method)
	at java.net.AbstractPlainSocketImpl.doConnect(AbstractPlainSocketImpl.java:339)
	at java.net.AbstractPlainSocketImpl.connectToAddress(AbstractPlainSocketImpl.java:200)
	at java.net.AbstractPlainSocketImpl.connect(AbstractPlainSocketImpl.java:182)
	at java.net.SocksSocketImpl.connect(SocksSocketImpl.java:392)
	at java.net.Socket.connect(Socket.java:579)
	at org.apache.zookeeper.server.quorum.QuorumCnxManager.connectOne(QuorumCnxManager.java:381)
	at org.apache.zookeeper.server.quorum.QuorumCnxManager.connectAll(QuorumCnxManager.java:426)
	at org.apache.zookeeper.server.quorum.FastLeaderElection.lookForLeader(FastLeaderElection.java:843)
	at org.apache.zookeeper.server.quorum.QuorumPeer.run(QuorumPeer.java:822)
2016-12-19 21:57:06,562 [myid:1] - INFO  [QuorumPeer[myid=1]/0:0:0:0:0:0:0:0:2181:QuorumPeer$QuorumServer@149] - Resolved hostname: zte-3 to address: zte-3/192.168.253.253
2016-12-19 21:57:06,562 [myid:1] - INFO  [QuorumPeer[myid=1]/0:0:0:0:0:0:0:0:2181:FastLeaderElection@852] - Notification time out: 25600
2016-12-19 21:57:32,164 [myid:1] - WARN  [QuorumPeer[myid=1]/0:0:0:0:0:0:0:0:2181:QuorumCnxManager@400] - Cannot open channel to 2 at election address zte-2/192.168.253.252:3888
java.net.NoRouteToHostException: No route to host
	at java.net.PlainSocketImpl.socketConnect(Native Method)
	at java.net.AbstractPlainSocketImpl.doConnect(AbstractPlainSocketImpl.java:339)
	at java.net.AbstractPlainSocketImpl.connectToAddress(AbstractPlainSocketImpl.java:200)
	at java.net.AbstractPlainSocketImpl.connect(AbstractPlainSocketImpl.java:182)
	at java.net.SocksSocketImpl.connect(SocksSocketImpl.java:392)
	at java.net.Socket.connect(Socket.java:579)
	at org.apache.zookeeper.server.quorum.QuorumCnxManager.connectOne(QuorumCnxManager.java:381)
	at org.apache.zookeeper.server.quorum.QuorumCnxManager.connectAll(QuorumCnxManager.java:426)
	at org.apache.zookeeper.server.quorum.FastLeaderElection.lookForLeader(FastLeaderElection.java:843)
	at org.apache.zookeeper.server.quorum.QuorumPeer.run(QuorumPeer.java:822)
2016-12-19 21:57:32,165 [myid:1] - INFO  [QuorumPeer[myid=1]/0:0:0:0:0:0:0:0:2181:QuorumPeer$QuorumServer@149] - Resolved hostname: zte-2 to address: zte-2/192.168.253.252
2016-12-19 21:57:32,165 [myid:1] - WARN  [QuorumPeer[myid=1]/0:0:0:0:0:0:0:0:2181:QuorumCnxManager@400] - Cannot open channel to 3 at election address zte-3/192.168.253.253:3888
java.net.ConnectException: Connection refused
	at java.net.PlainSocketImpl.socketConnect(Native Method)
	at java.net.AbstractPlainSocketImpl.doConnect(AbstractPlainSocketImpl.java:339)
	at java.net.AbstractPlainSocketImpl.connectToAddress(AbstractPlainSocketImpl.java:200)
	at java.net.AbstractPlainSocketImpl.connect(AbstractPlainSocketImpl.java:182)
	at java.net.SocksSocketImpl.connect(SocksSocketImpl.java:392)
	at java.net.Socket.connect(Socket.java:579)
	at org.apache.zookeeper.server.quorum.QuorumCnxManager.connectOne(QuorumCnxManager.java:381)
	at org.apache.zookeeper.server.quorum.QuorumCnxManager.connectAll(QuorumCnxManager.java:426)
	at org.apache.zookeeper.server.quorum.FastLeaderElection.lookForLeader(FastLeaderElection.java:843)
	at org.apache.zookeeper.server.quorum.QuorumPeer.run(QuorumPeer.java:822)
2016-12-19 21:57:32,165 [myid:1] - INFO  [QuorumPeer[myid=1]/0:0:0:0:0:0:0:0:2181:QuorumPeer$QuorumServer@149] - Resolved hostname: zte-3 to address: zte-3/192.168.253.253
2016-12-19 21:57:32,165 [myid:1] - INFO  [QuorumPeer[myid=1]/0:0:0:0:0:0:0:0:2181:FastLeaderElection@852] - Notification time out: 51200
2016-12-19 21:58:23,366 [myid:1] - WARN  [QuorumPeer[myid=1]/0:0:0:0:0:0:0:0:2181:QuorumCnxManager@400] - Cannot open channel to 2 at election address zte-2/192.168.253.252:3888
java.net.NoRouteToHostException: No route to host
	at java.net.PlainSocketImpl.socketConnect(Native Method)
	at java.net.AbstractPlainSocketImpl.doConnect(AbstractPlainSocketImpl.java:339)
	at java.net.AbstractPlainSocketImpl.connectToAddress(AbstractPlainSocketImpl.java:200)
	at java.net.AbstractPlainSocketImpl.connect(AbstractPlainSocketImpl.java:182)
	at java.net.SocksSocketImpl.connect(SocksSocketImpl.java:392)
	at java.net.Socket.connect(Socket.java:579)
	at org.apache.zookeeper.server.quorum.QuorumCnxManager.connectOne(QuorumCnxManager.java:381)
	at org.apache.zookeeper.server.quorum.QuorumCnxManager.connectAll(QuorumCnxManager.java:426)
	at org.apache.zookeeper.server.quorum.FastLeaderElection.lookForLeader(FastLeaderElection.java:843)
	at org.apache.zookeeper.server.quorum.QuorumPeer.run(QuorumPeer.java:822)
2016-12-19 21:58:23,367 [myid:1] - INFO  [QuorumPeer[myid=1]/0:0:0:0:0:0:0:0:2181:QuorumPeer$QuorumServer@149] - Resolved hostname: zte-2 to address: zte-2/192.168.253.252
2016-12-19 21:58:23,367 [myid:1] - WARN  [QuorumPeer[myid=1]/0:0:0:0:0:0:0:0:2181:QuorumCnxManager@400] - Cannot open channel to 3 at election address zte-3/192.168.253.253:3888
java.net.ConnectException: Connection refused
	at java.net.PlainSocketImpl.socketConnect(Native Method)
	at java.net.AbstractPlainSocketImpl.doConnect(AbstractPlainSocketImpl.java:339)
	at java.net.AbstractPlainSocketImpl.connectToAddress(AbstractPlainSocketImpl.java:200)
	at java.net.AbstractPlainSocketImpl.connect(AbstractPlainSocketImpl.java:182)
	at java.net.SocksSocketImpl.connect(SocksSocketImpl.java:392)
	at java.net.Socket.connect(Socket.java:579)
	at org.apache.zookeeper.server.quorum.QuorumCnxManager.connectOne(QuorumCnxManager.java:381)
	at org.apache.zookeeper.server.quorum.QuorumCnxManager.connectAll(QuorumCnxManager.java:426)
	at org.apache.zookeeper.server.quorum.FastLeaderElection.lookForLeader(FastLeaderElection.java:843)
	at org.apache.zookeeper.server.quorum.QuorumPeer.run(QuorumPeer.java:822)
2016-12-19 21:58:23,369 [myid:1] - INFO  [QuorumPeer[myid=1]/0:0:0:0:0:0:0:0:2181:QuorumPeer$QuorumServer@149] - Resolved hostname: zte-3 to address: zte-3/192.168.253.253
2016-12-19 21:58:23,369 [myid:1] - INFO  [QuorumPeer[myid=1]/0:0:0:0:0:0:0:0:2181:FastLeaderElection@852] - Notification time out: 60000
2016-12-19 21:59:23,370 [myid:1] - WARN  [QuorumPeer[myid=1]/0:0:0:0:0:0:0:0:2181:QuorumCnxManager@400] - Cannot open channel to 2 at election address zte-2/192.168.253.252:3888
java.net.NoRouteToHostException: No route to host
	at java.net.PlainSocketImpl.socketConnect(Native Method)
	at java.net.AbstractPlainSocketImpl.doConnect(AbstractPlainSocketImpl.java:339)
	at java.net.AbstractPlainSocketImpl.connectToAddress(AbstractPlainSocketImpl.java:200)
	at java.net.AbstractPlainSocketImpl.connect(AbstractPlainSocketImpl.java:182)
	at java.net.SocksSocketImpl.connect(SocksSocketImpl.java:392)
	at java.net.Socket.connect(Socket.java:579)
	at org.apache.zookeeper.server.quorum.QuorumCnxManager.connectOne(QuorumCnxManager.java:381)
	at org.apache.zookeeper.server.quorum.QuorumCnxManager.connectAll(QuorumCnxManager.java:426)
	at org.apache.zookeeper.server.quorum.FastLeaderElection.lookForLeader(FastLeaderElection.java:843)
	at org.apache.zookeeper.server.quorum.QuorumPeer.run(QuorumPeer.java:822)
2016-12-19 21:59:23,371 [myid:1] - INFO  [QuorumPeer[myid=1]/0:0:0:0:0:0:0:0:2181:QuorumPeer$QuorumServer@149] - Resolved hostname: zte-2 to address: zte-2/192.168.253.252
2016-12-19 21:59:23,371 [myid:1] - WARN  [QuorumPeer[myid=1]/0:0:0:0:0:0:0:0:2181:QuorumCnxManager@400] - Cannot open channel to 3 at election address zte-3/192.168.253.253:3888
java.net.ConnectException: Connection refused
	at java.net.PlainSocketImpl.socketConnect(Native Method)
	at java.net.AbstractPlainSocketImpl.doConnect(AbstractPlainSocketImpl.java:339)
	at java.net.AbstractPlainSocketImpl.connectToAddress(AbstractPlainSocketImpl.java:200)
	at java.net.AbstractPlainSocketImpl.connect(AbstractPlainSocketImpl.java:182)
	at java.net.SocksSocketImpl.connect(SocksSocketImpl.java:392)
	at java.net.Socket.connect(Socket.java:579)
	at org.apache.zookeeper.server.quorum.QuorumCnxManager.connectOne(QuorumCnxManager.java:381)
	at org.apache.zookeeper.server.quorum.QuorumCnxManager.connectAll(QuorumCnxManager.java:426)
	at org.apache.zookeeper.server.quorum.FastLeaderElection.lookForLeader(FastLeaderElection.java:843)
	at org.apache.zookeeper.server.quorum.QuorumPeer.run(QuorumPeer.java:822)
2016-12-19 21:59:23,374 [myid:1] - INFO  [QuorumPeer[myid=1]/0:0:0:0:0:0:0:0:2181:QuorumPeer$QuorumServer@149] - Resolved hostname: zte-3 to address: zte-3/192.168.253.253
2016-12-19 21:59:23,374 [myid:1] - INFO  [QuorumPeer[myid=1]/0:0:0:0:0:0:0:0:2181:FastLeaderElection@852] - Notification time out: 60000
